-------------------------------------------------------------------------------
Test set: springservice.common.controller.UserControllerTest
-------------------------------------------------------------------------------
Tests run: 1, Failures: 1, Errors: 0, Skipped: 0, Time elapsed: 0.002 sec <<< FAILURE! - in springservice.common.controller.UserControllerTest
testSignUp(springservice.common.controller.UserControllerTest)  Time elapsed: 0.001 sec  <<< FAILURE!
java.lang.AssertionError: Not yet implemented
	at org.junit.Assert.fail(Assert.java:88)
	at springservice.common.controller.UserControllerTest.testSignUp(UserControllerTest.java:16)

